<?xml version="1.0" encoding="UTF-8"?>
<testsuite name="pl.edu.agh.pmakarewicz.moviestars.MoviestarsApplicationTests" tests="1" skipped="0" failures="0" errors="0" timestamp="2022-03-18T10:29:33" hostname="lenovo" time="0.653">
  <properties/>
  <testcase name="contextLoads()" classname="pl.edu.agh.pmakarewicz.moviestars.MoviestarsApplicationTests" time="0.653"/>
  <system-out><![CDATA[11:29:29.666 [Test worker] DEBUG org.springframework.test.context.BootstrapUtils - Instantiating CacheAwareContextLoaderDelegate from class [org.springframework.test.context.cache.DefaultCacheAwareContextLoaderDelegate]
11:29:29.680 [Test worker] DEBUG org.springframework.test.context.BootstrapUtils - Instantiating BootstrapContext using constructor [public org.springframework.test.context.support.DefaultBootstrapContext(java.lang.Class,org.springframework.test.context.CacheAwareContextLoaderDelegate)]
11:29:29.757 [Test worker] DEBUG org.springframework.test.context.BootstrapUtils - Instantiating TestContextBootstrapper for test class [pl.edu.agh.pmakarewicz.moviestars.MoviestarsApplicationTests] from class [org.springframework.boot.test.context.SpringBootTestContextBootstrapper]
11:29:29.773 [Test worker] INFO org.springframework.boot.test.context.SpringBootTestContextBootstrapper - Neither @ContextConfiguration nor @ContextHierarchy found for test class [pl.edu.agh.pmakarewicz.moviestars.MoviestarsApplicationTests], using SpringBootContextLoader
11:29:29.779 [Test worker] DEBUG org.springframework.test.context.support.AbstractContextLoader - Did not detect default resource location for test class [pl.edu.agh.pmakarewicz.moviestars.MoviestarsApplicationTests]: class path resource [pl/edu/agh/pmakarewicz/moviestars/MoviestarsApplicationTests-context.xml] does not exist
11:29:29.780 [Test worker] DEBUG org.springframework.test.context.support.AbstractContextLoader - Did not detect default resource location for test class [pl.edu.agh.pmakarewicz.moviestars.MoviestarsApplicationTests]: class path resource [pl/edu/agh/pmakarewicz/moviestars/MoviestarsApplicationTestsContext.groovy] does not exist
11:29:29.781 [Test worker] INFO org.springframework.test.context.support.AbstractContextLoader - Could not detect default resource locations for test class [pl.edu.agh.pmakarewicz.moviestars.MoviestarsApplicationTests]: no resource found for suffixes {-context.xml, Context.groovy}.
11:29:29.783 [Test worker] INFO org.springframework.test.context.support.AnnotationConfigContextLoaderUtils - Could not detect default configuration classes for test class [pl.edu.agh.pmakarewicz.moviestars.MoviestarsApplicationTests]: MoviestarsApplicationTests does not declare any static, non-private, non-final, nested classes annotated with @Configuration.
11:29:29.855 [Test worker] DEBUG org.springframework.test.context.support.ActiveProfilesUtils - Could not find an 'annotation declaring class' for annotation type [org.springframework.test.context.ActiveProfiles] and class [pl.edu.agh.pmakarewicz.moviestars.MoviestarsApplicationTests]
11:29:29.964 [Test worker] DEBUG org.springframework.context.annotation.ClassPathScanningCandidateComponentProvider - Identified candidate component class: file [/home/piotr/Dropbox/studia/rozproszone/chessmasters/build/classes/java/main/pl/edu/agh/pmakarewicz/moviestars/MoviestarsApplication.class]
11:29:29.966 [Test worker] INFO org.springframework.boot.test.context.SpringBootTestContextBootstrapper - Found @SpringBootConfiguration pl.edu.agh.pmakarewicz.moviestars.MoviestarsApplication for test class pl.edu.agh.pmakarewicz.moviestars.MoviestarsApplicationTests
11:29:30.117 [Test worker] DEBUG org.springframework.boot.test.context.SpringBootTestContextBootstrapper - @TestExecutionListeners is not present for class [pl.edu.agh.pmakarewicz.moviestars.MoviestarsApplicationTests]: using defaults.
11:29:30.118 [Test worker] INFO org.springframework.boot.test.context.SpringBootTestContextBootstrapper - Loaded default TestExecutionListener class names from location [META-INF/spring.factories]: [org.springframework.boot.test.autoconfigure.restdocs.RestDocsTestExecutionListener, org.springframework.boot.test.autoconfigure.web.client.MockRestServiceServerResetTestExecutionListener, org.springframework.boot.test.autoconfigure.web.servlet.MockMvcPrintOnlyOnFailureTestExecutionListener, org.springframework.boot.test.autoconfigure.web.servlet.WebDriverTestExecutionListener, org.springframework.boot.test.autoconfigure.webservices.client.MockWebServiceServerTestExecutionListener, org.springframework.boot.test.mock.mockito.MockitoTestExecutionListener, org.springframework.boot.test.mock.mockito.ResetMocksTestExecutionListener, org.springframework.test.context.web.ServletTestExecutionListener, org.springframework.test.context.support.DirtiesContextBeforeModesTestExecutionListener, org.springframework.test.context.event.ApplicationEventsTestExecutionListener, org.springframework.test.context.support.DependencyInjectionTestExecutionListener, org.springframework.test.context.support.DirtiesContextTestExecutionListener, org.springframework.test.context.transaction.TransactionalTestExecutionListener, org.springframework.test.context.jdbc.SqlScriptsTestExecutionListener, org.springframework.test.context.event.EventPublishingTestExecutionListener]
11:29:30.139 [Test worker] DEBUG org.springframework.boot.test.context.SpringBootTestContextBootstrapper - Skipping candidate TestExecutionListener [org.springframework.test.context.transaction.TransactionalTestExecutionListener] due to a missing dependency. Specify custom listener classes or make the default listener classes and their required dependencies available. Offending class: [org/springframework/transaction/interceptor/TransactionAttributeSource]
11:29:30.140 [Test worker] DEBUG org.springframework.boot.test.context.SpringBootTestContextBootstrapper - Skipping candidate TestExecutionListener [org.springframework.test.context.jdbc.SqlScriptsTestExecutionListener] due to a missing dependency. Specify custom listener classes or make the default listener classes and their required dependencies available. Offending class: [org/springframework/transaction/interceptor/TransactionAttribute]
11:29:30.140 [Test worker] INFO org.springframework.boot.test.context.SpringBootTestContextBootstrapper - Using TestExecutionListeners: [org.springframework.test.context.web.ServletTestExecutionListener@163d04ff, org.springframework.test.context.support.DirtiesContextBeforeModesTestExecutionListener@7c209437, org.springframework.test.context.event.ApplicationEventsTestExecutionListener@2262b621, org.springframework.boot.test.mock.mockito.MockitoTestExecutionListener@7e928e2f, org.springframework.boot.test.autoconfigure.SpringBootDependencyInjectionTestExecutionListener@f667fe, org.springframework.test.context.support.DirtiesContextTestExecutionListener@788fcafb, org.springframework.test.context.event.EventPublishingTestExecutionListener@4febb875, org.springframework.boot.test.autoconfigure.restdocs.RestDocsTestExecutionListener@25e2a451, org.springframework.boot.test.autoconfigure.web.client.MockRestServiceServerResetTestExecutionListener@1698ee84, org.springframework.boot.test.autoconfigure.web.servlet.MockMvcPrintOnlyOnFailureTestExecutionListener@10c626be, org.springframework.boot.test.autoconfigure.web.servlet.WebDriverTestExecutionListener@2fc0cc3, org.springframework.boot.test.autoconfigure.webservices.client.MockWebServiceServerTestExecutionListener@328cf0e1, org.springframework.boot.test.mock.mockito.ResetMocksTestExecutionListener@63b1d4fa]
11:29:30.146 [Test worker] DEBUG org.springframework.test.context.support.AbstractDirtiesContextTestExecutionListener - Before test class: context [DefaultTestContext@19ae6bb testClass = MoviestarsApplicationTests, testInstance = [null], testMethod = [null], testException = [null], mergedContextConfiguration = [WebMergedContextConfiguration@10993713 testClass = MoviestarsApplicationTests, locations = '{}', classes = '{class pl.edu.agh.pmakarewicz.moviestars.MoviestarsApplication}', contextInitializerClasses = '[]', activeProfiles = '{}', propertySourceLocations = '{}', propertySourceProperties = '{org.springframework.boot.test.context.SpringBootTestContextBootstrapper=true}', contextCustomizers = set[org.springframework.boot.test.autoconfigure.actuate.metrics.MetricsExportContextCustomizerFactory$DisableMetricExportContextCustomizer@68d279ec, org.springframework.boot.test.autoconfigure.properties.PropertyMappingContextCustomizer@0, org.springframework.boot.test.autoconfigure.web.servlet.WebDriverContextCustomizerFactory$Customizer@3081f72c, org.springframework.boot.test.context.filter.ExcludeFilterContextCustomizer@3561c410, org.springframework.boot.test.json.DuplicateJsonObjectContextCustomizerFactory$DuplicateJsonObjectContextCustomizer@5b67bb7e, org.springframework.boot.test.mock.mockito.MockitoContextCustomizer@0, org.springframework.boot.test.web.client.TestRestTemplateContextCustomizer@37e4d7bb, org.springframework.boot.test.context.SpringBootTestArgs@1, org.springframework.boot.test.context.SpringBootTestWebEnvironment@61322f9d], resourceBasePath = 'src/main/webapp', contextLoader = 'org.springframework.boot.test.context.SpringBootContextLoader', parent = [null]], attributes = map['org.springframework.test.context.web.ServletTestExecutionListener.activateListener' -> true]], class annotated with @DirtiesContext [false] with mode [null].

  .   ____          _            __ _ _
 /\\ / ___'_ __ _ _(_)_ __  __ _ \ \ \ \
( ( )\___ | '_ | '_| | '_ \/ _` | \ \ \ \
 \\/  ___)| |_)| | | | | || (_| |  ) ) ) )
  '  |____| .__|_| |_|_| |_\__, | / / / /
 =========|_|==============|___/=/_/_/_/
 :: Spring Boot ::                (v2.6.4)

2022-03-18 11:29:30.688  INFO 14480 --- [    Test worker] p.e.a.p.m.MoviestarsApplicationTests     : Starting MoviestarsApplicationTests using Java 16.0.2 on lenovo with PID 14480 (started by piotr in /home/piotr/Dropbox/studia/rozproszone/chessmasters)
2022-03-18 11:29:30.690  INFO 14480 --- [    Test worker] p.e.a.p.m.MoviestarsApplicationTests     : No active profile set, falling back to 1 default profile: "default"
2022-03-18 11:29:32.547  INFO 14480 --- [    Test worker] o.s.b.a.w.s.WelcomePageHandlerMapping    : Adding welcome page: class path resource [static/index.html]
2022-03-18 11:29:32.993  INFO 14480 --- [    Test worker] p.e.a.p.m.MoviestarsApplicationTests     : Started MoviestarsApplicationTests in 2.78 seconds (JVM running for 5.491)
]]></system-out>
  <system-err><![CDATA[]]></system-err>
</testsuite>
